  main.cpp
main.cpp(32): warning C4244: 'argument': conversion from 'time_t' to 'unsigned int', possible loss of data
main.cpp(50): warning C4244: 'argument': conversion from 'float' to 'int', possible loss of data
main.cpp(198): warning C4244: 'argument': conversion from 'unsigned int' to 'float', possible loss of data
main.cpp(208): warning C4244: 'argument': conversion from 'time_t' to 'unsigned int', possible loss of data
main.cpp(360): warning C4244: 'argument': conversion from 'float' to 'int', possible loss of data
main.cpp(401): warning C4244: 'argument': conversion from 'float' to 'int', possible loss of data
main.cpp(448): warning C4244: 'argument': conversion from 'float' to 'int', possible loss of data
main.cpp(580): warning C4244: 'argument': conversion from 'int' to 'float', possible loss of data
main.cpp(587): warning C4244: 'argument': conversion from 'int' to 'float', possible loss of data
main.cpp(593): warning C4244: 'argument': conversion from 'int' to 'float', possible loss of data
main.cpp(600): warning C4244: 'argument': conversion from 'int' to 'float', possible loss of data
main.cpp(761): warning C4244: 'argument': conversion from 'int' to 'float', possible loss of data
main.cpp(765): warning C4244: 'argument': conversion from 'int' to 'float', possible loss of data
main.cpp(770): warning C4244: 'argument': conversion from 'int' to 'float', possible loss of data
  Generating code
  1 of 220 functions ( 0.5%) were compiled, the rest were copied from previous compilation.
    0 functions were new in current compilation
    0 functions had inline decision re-evaluated but remain unchanged
  Finished generating code
  Tetris V1.2.vcxproj -> E:\Facultate\IP\TETRIS\Tetris V1.2\Release\Tetris V1.2.exe
  Tetris V1.2.vcxproj -> E:\Facultate\IP\TETRIS\Tetris V1.2\Release\Tetris V1.2.pdb (Full PDB)
